<?xml version="1.0" encoding="UTF-8"?>
<testsuite xmlns:xsi="http://www.w3.org/2001/XMLSchema-instance" xsi:schemaLocation="https://maven.apache.org/surefire/maven-surefire-plugin/xsd/surefire-test-report.xsd" name="BookTest" time="0.172" tests="5" errors="0" skipped="0" failures="0">
  <properties>
[...]
</properties>
  <testcase name="testAddRating" classname="BookTest" time="0.04"/>
  <testcase name="testAverageRating" classname="BookTest" time="0"/>
  <testcase name="shouldCalculateAverageRating{int, int, int, double}[1]" classname="BookTest" time="0.036"/>
  <testcase name="shouldCalculateAverageRating{int, int, int, double}[2]" classname="BookTest" time="0"/>
  <testcase name="shouldCalculateAverageRating{int, int, int, double}[3]" classname="BookTest" time="0"/>
</testsuite>